STM32 Software/Android App - Clanker Studio/RobotApp/app/build/intermediates/manifest_merge_blame_file/debug/processDebugMainManifest/manifest-merger-blame-debug-report.txt
1<?xml version="1.0" encoding="utf-8"?>
2<manifest xmlns:android="http://schemas.android.com/apk/res/android"
3    package="com.snyde.robotapp"
4    android:versionCode="1"
5    android:versionName="1.0" >
6
7    <uses-sdk
8        android:minSdkVersion="23"
9        android:targetSdkVersion="35" />
10
11    <uses-permission
11-->src\main\AndroidManifest.xml:3:5-95
12        android:name="android.permission.BLUETOOTH"
12-->src\main\AndroidManifest.xml:3:22-65
13        android:maxSdkVersion="30" />
13-->src\main\AndroidManifest.xml:3:66-92
14    <uses-permission
14-->src\main\AndroidManifest.xml:4:5-101
15        android:name="android.permission.BLUETOOTH_ADMIN"
15-->src\main\AndroidManifest.xml:4:22-71
16        android:maxSdkVersion="30" />
16-->src\main\AndroidManifest.xml:4:72-98
17    <uses-permission
17-->src\main\AndroidManifest.xml:5:5-106
18        android:name="android.permission.ACCESS_FINE_LOCATION"
18-->src\main\AndroidManifest.xml:5:22-76
19        android:maxSdkVersion="30" />
19-->src\main\AndroidManifest.xml:5:77-103
20    <uses-permission android:name="android.permission.BLUETOOTH_CONNECT" />
20-->src\main\AndroidManifest.xml:6:5-76
20-->src\main\AndroidManifest.xml:6:22-73
21    <uses-permission
21-->src\main\AndroidManifest.xml:7:5-9:58
22        android:name="android.permission.BLUETOOTH_SCAN"
22-->src\main\AndroidManifest.xml:8:9-57
23        android:usesPermissionFlags="neverForLocation" />
23-->src\main\AndroidManifest.xml:9:9-55
24
25    <application
25-->src\main\AndroidManifest.xml:11:5-25:19
26        android:allowBackup="true"
26-->src\main\AndroidManifest.xml:12:9-35
27        android:debuggable="true"
28        android:extractNativeLibs="false"
29        android:icon="@drawable/ic_launcher"
29-->src\main\AndroidManifest.xml:13:9-45
30        android:label="@string/app_name"
30-->src\main\AndroidManifest.xml:14:9-41
31        android:theme="@style/AppTheme"
31-->src\main\AndroidManifest.xml:15:9-40
32        android:usesCleartextTraffic="true" >
32-->src\main\AndroidManifest.xml:16:9-44
33        <activity
33-->src\main\AndroidManifest.xml:17:9-24:20
34            android:name="com.snyde.robotapp.MainActivity"
34-->src\main\AndroidManifest.xml:18:13-41
35            android:exported="true" >
35-->src\main\AndroidManifest.xml:19:13-36
36            <intent-filter>
36-->src\main\AndroidManifest.xml:20:13-23:29
37                <action android:name="android.intent.action.MAIN" />
37-->src\main\AndroidManifest.xml:21:17-69
37-->src\main\AndroidManifest.xml:21:25-66
38
39                <category android:name="android.intent.category.LAUNCHER" />
39-->src\main\AndroidManifest.xml:22:17-77
39-->src\main\AndroidManifest.xml:22:27-74
40            </intent-filter>
41        </activity>
42    </application>
43
44</manifest>